This is pdfTeX, Version 3.14159265-2.6-1.40.17 (TeX Live 2016) (preloaded format=latex 2016.5.22)  2 MAR 2017 23:17
entering extended mode
 restricted \write18 enabled.
 %&-line parsing enabled.
**references_steve-steele.tex
(./references_steve-steele.tex
LaTeX2e <2016/03/31>
Babel <3.9r> and hyphenation patterns for 83 language(s) loaded.

! LaTeX Error: File `resume.cls' not found.

Type X to quit or <RETURN> to proceed,
or enter new name. (Default extension: cls)

Enter file name: 
! Emergency stop.
<read *> 
         
l.4 ^^M
       
End of file on the terminal!

 
Here is how much of TeX's memory you used:
 10 strings out of 493015
 244 string characters out of 6133377
 53598 words of memory out of 5000000
 3651 multiletter control sequences out of 15000+600000
 3640 words of font info for 14 fonts, out of 8000000 for 9000
 1141 hyphenation exceptions out of 8191
 10i,0n,7p,149b,8s stack positions out of 5000i,500n,10000p,200000b,80000s
No pages of output.
